<?xml version="1.0" encoding="UTF-8"?>
<!-- Generated by org.testng.reporters.JUnitXMLReporter -->
<testsuite ignored="0" hostname="Yash" failures="1" tests="4" name="Test2" time="17.766" errors="0" timestamp="2024-10-01T13:09:11 IST">
  <testcase classname="TestNg.Demo2" name="setup" time="8.895"/>
  <testcase classname="TestNg.Demo2" name="FullName" time="0.169"/>
  <testcase classname="TestNg.Demo2" name="EnterEmail" time="0.187"/>
  <testcase classname="TestNg.Demo2" name="click_On_signup_button" time="3.141">
    <failure type="java.lang.AssertionError" message="expected [ENTER ACCOUNT INFORMATION] but found [ENTER... ACCOUNT INFORMATION]">
      <![CDATA[java.lang.AssertionError: expected [ENTER ACCOUNT INFORMATION] but found [ENTER... ACCOUNT INFORMATION]
at TestNg.Demo2.click_On_signup_button(Demo2.java:70)
at java.base/java.util.ArrayList.forEach(ArrayList.java:1597)
... Removed 31 stack frames]]>
    </failure>
  </testcase> <!-- click_On_signup_button -->
</testsuite> <!-- Test2 -->
