<?xml version="1.0" encoding="UTF-8"?>
<testng-results ignored="0" total="3" passed="3" failed="0" skipped="0">
  <reporter-output>
  </reporter-output>
  <suite started-at="2024-10-01T13:18:38 IST" name="Suite" finished-at="2024-10-01T13:18:46 IST" duration-ms="8087">
    <groups>
    </groups>
    <test started-at="2024-10-01T13:18:38 IST" name="Test" finished-at="2024-10-01T13:18:46 IST" duration-ms="8087">
      <class name="TestNg.DemoLogin">
        <test-method is-config="true" signature="setup()[pri:0, instance:TestNg.DemoLogin@5d0a1059]" started-at="2024-10-01T13:18:38 IST" name="setup" finished-at="2024-10-01T13:18:43 IST" duration-ms="4941" status="PASS">
          <reporter-output>
          </reporter-output>
        </test-method> <!-- setup -->
        <test-method signature="Fullname()[pri:1, instance:TestNg.DemoLogin@5d0a1059]" started-at="2024-10-01T13:18:43 IST" name="Fullname" finished-at="2024-10-01T13:18:43 IST" duration-ms="132" status="PASS">
          <reporter-output>
          </reporter-output>
        </test-method> <!-- Fullname -->
        <test-method signature="Email()[pri:2, instance:TestNg.DemoLogin@5d0a1059]" started-at="2024-10-01T13:18:43 IST" name="Email" finished-at="2024-10-01T13:18:43 IST" duration-ms="119" status="PASS">
          <reporter-output>
          </reporter-output>
        </test-method> <!-- Email -->
        <test-method signature="Click_SignUp()[pri:3, instance:TestNg.DemoLogin@5d0a1059]" started-at="2024-10-01T13:18:43 IST" name="Click_SignUp" finished-at="2024-10-01T13:18:46 IST" duration-ms="2574" status="PASS">
          <reporter-output>
          </reporter-output>
        </test-method> <!-- Click_SignUp -->
        <test-method is-config="true" signature="teardown()[pri:0, instance:TestNg.DemoLogin@5d0a1059]" started-at="2024-10-01T13:18:46 IST" name="teardown" finished-at="2024-10-01T13:18:46 IST" duration-ms="277" status="PASS">
          <reporter-output>
          </reporter-output>
        </test-method> <!-- teardown -->
      </class> <!-- TestNg.DemoLogin -->
    </test> <!-- Test -->
  </suite> <!-- Suite -->
</testng-results>
