<?xml version="1.0" encoding="UTF-8"?>
<testng-results ignored="0" total="3" passed="3" failed="0" skipped="0">
  <reporter-output>
  </reporter-output>
  <suite started-at="2024-09-24T13:24:02 IST" name="Default suite" finished-at="2024-09-24T13:24:10 IST" duration-ms="7987">
    <groups>
    </groups>
    <test started-at="2024-09-24T13:24:02 IST" name="Default test" finished-at="2024-09-24T13:24:10 IST" duration-ms="7987">
      <class name="TestNg.DemoLogin">
        <test-method is-config="true" signature="setup()[pri:0, instance:TestNg.DemoLogin@5d0a1059]" started-at="2024-09-24T13:24:02 IST" name="setup" finished-at="2024-09-24T13:24:08 IST" duration-ms="5901" status="PASS">
          <reporter-output>
          </reporter-output>
        </test-method> <!-- setup -->
        <test-method signature="Fullname()[pri:1, instance:TestNg.DemoLogin@5d0a1059]" started-at="2024-09-24T13:24:08 IST" name="Fullname" finished-at="2024-09-24T13:24:08 IST" duration-ms="157" status="PASS">
          <reporter-output>
          </reporter-output>
        </test-method> <!-- Fullname -->
        <test-method signature="Email()[pri:2, instance:TestNg.DemoLogin@5d0a1059]" started-at="2024-09-24T13:24:08 IST" name="Email" finished-at="2024-09-24T13:24:08 IST" duration-ms="116" status="PASS">
          <reporter-output>
          </reporter-output>
        </test-method> <!-- Email -->
        <test-method signature="Click_SignUp()[pri:3, instance:TestNg.DemoLogin@5d0a1059]" started-at="2024-09-24T13:24:08 IST" name="Click_SignUp" finished-at="2024-09-24T13:24:10 IST" duration-ms="1609" status="PASS">
          <reporter-output>
          </reporter-output>
        </test-method> <!-- Click_SignUp -->
        <test-method is-config="true" signature="teardown()[pri:0, instance:TestNg.DemoLogin@5d0a1059]" started-at="2024-09-24T13:24:10 IST" name="teardown" finished-at="2024-09-24T13:24:10 IST" duration-ms="156" status="PASS">
          <reporter-output>
          </reporter-output>
        </test-method> <!-- teardown -->
      </class> <!-- TestNg.DemoLogin -->
    </test> <!-- Default test -->
  </suite> <!-- Default suite -->
</testng-results>
